build/app/outputs/mapping/release/seeds.txt
com.example.my_profile_task.MainActivity
com.example.my_profile_task.MainActivity: MainActivity()
...
androidx.window.R$attr: int splitRatio
androidx.window.R$id: int rtl
io.flutter.embedding.android.FlutterSplashView$SavedState: android.os.Parcelable$Creator CREATOR
androidx.window.embedding.SplitController: androidx.window.embedding.EmbeddingBackend embeddingBackend
androidx.window.layout.FoldingFeature$Orientation: androidx.window.layout.FoldingFeature$Orientation$Companion Companion
io.flutter.embedding.engine.FlutterJNI: android.os.Looper mainLooper
kotlinx.coroutines.JobSupport: java.lang.Object _parentHandle
io.flutter.embedding.engine.plugins.lifecycle.HiddenLifecycleReference: androidx.lifecycle.Lifecycle lifecycle
androidx.window.embedding.SplitController: androidx.window.embedding.SplitController globalInstance
androidx.window.layout.WindowInfoTrackerImpl$windowLayoutInfo$1: java.lang.Object L$2
kotlinx.coroutines.internal.LockFreeTaskQueue: java.lang.Object _cur
androidx.window.layout.SidecarCompat$DistinctSidecarElementCallback: androidx.window.layout.SidecarAdapter sidecarAdapter
androidx.window.core.Version: androidx.window.core.Version CURRENT
androidx.window.embedding.SplitController: androidx.window.embedding.SplitController$Companion Companion
androidx.window.layout.SidecarCompat: androidx.window.sidecar.SidecarInterface sidecar
androidx.window.layout.ExtensionWindowLayoutInfoBackend$MulticastConsumer: androidx.window.layout.WindowLayoutInfo lastKnownValue
androidx.window.core.Version: int major
androidx.window.embedding.ExtensionEmbeddingBackend: androidx.window.embedding.ExtensionEmbeddingBackend$EmbeddingCallbackImpl splitInfoEmbeddingCallback
androidx.window.layout.ExtensionWindowLayoutInfoBackend$MulticastConsumer: android.app.Activity activity
androidx.window.layout.WindowMetricsCalculator$Companion$reset$1: androidx.window.layout.WindowMetricsCalculator$Companion$reset$1 INSTANCE
io.flutter.view.AccessibilityViewEmbedder: io.flutter.view.AccessibilityViewEmbedder$ReflectionAccessors reflectionAccessors
kotlinx.coroutines.scheduling.LimitingDispatcher: int inFlightTasks
androidx.window.layout.WindowMetricsCalculator$Companion: androidx.window.layout.WindowMetricsCalculator$Companion $$INSTANCE
androidx.window.R$attr: int alwaysExpand
io.flutter.plugin.platform.SingleViewPresentation: android.widget.FrameLayout container
io.flutter.plugin.editing.ImeSyncDeferringInsetsCallback: int overlayInsetTypes
androidx.window.R$styleable: int[] SplitPlaceholderRule
kotlin.coroutines.jvm.internal.SuspendLambda: int arity
androidx.window.R$styleable: int SplitPairFilter_secondaryActivityName
androidx.window.layout.HardwareFoldingFeature: androidx.window.layout.HardwareFoldingFeature$Type type
androidx.window.R$styleable: int SplitPairRule_finishSecondaryWithPrimary
kotlin.jvm.internal.FunctionReference: int flags
io.flutter.plugin.editing.ImeSyncDeferringInsetsCallback: boolean needsSave
androidx.window.layout.WindowInfoTrackerImpl$windowLayoutInfo$1: java.lang.Object L$1
kotlinx.coroutines.EventLoopImplBase: int _isCompleted
androidx.window.embedding.EmbeddingTranslatingCallback: androidx.window.embedding.EmbeddingAdapter adapter
io.flutter.plugin.platform.SingleViewPresentation: int viewId
androidx.window.embedding.SplitController: java.util.Set staticSplitRules
androidx.window.embedding.SplitPairRule: java.util.Set filters
kotlin.jvm.internal.Lambda: int arity
androidx.window.embedding.ActivityFilter: java.lang.String intentAction
androidx.window.layout.SidecarWindowBackend: java.util.concurrent.locks.ReentrantLock globalLock
androidx.window.layout.SidecarCompat: androidx.window.layout.SidecarCompat$Companion Companion
androidx.window.layout.WindowInfoTrackerImpl: androidx.window.layout.WindowBackend windowBackend
androidx.window.java.layout.WindowInfoTrackerCallbackAdapter: java.util.concurrent.locks.ReentrantLock lock
io.flutter.embedding.engine.FlutterJNI: io.flutter.embedding.engine.dart.PlatformMessageHandler platformMessageHandler