build/app/outputs/mapping/release/mapping.txt
# compiler: R8
# compiler_version: 3.1.66
# min_api: 16
# pg_map_id: e1823cc
# common_typos_disable
# {"id":"com.android.tools.r8.mapping","version":"1.0"}
...
io.flutter.plugin.mouse.MouseCursorPlugin -> z.a:
    io.flutter.plugin.mouse.MouseCursorPlugin$MouseCursorViewDelegate mView -> a
    io.flutter.embedding.engine.systemchannels.MouseCursorChannel mouseCursorChannel -> b
    java.util.HashMap systemCursorConstants -> c
    android.view.PointerIcon access$000(io.flutter.plugin.mouse.MouseCursorPlugin,java.lang.String) -> a
    io.flutter.plugin.mouse.MouseCursorPlugin$MouseCursorViewDelegate access$100(io.flutter.plugin.mouse.MouseCursorPlugin) -> b
    void destroy() -> c
    android.view.PointerIcon resolveSystemCursor(java.lang.String) -> d
io.flutter.plugin.mouse.MouseCursorPlugin$1 -> z.a$a:
    io.flutter.plugin.mouse.MouseCursorPlugin this$0 -> a
    void activateSystemCursor(java.lang.String) -> a
io.flutter.plugin.mouse.MouseCursorPlugin$2 -> z.a$b:
    io.flutter.plugin.mouse.MouseCursorPlugin this$0 -> d
io.flutter.plugin.mouse.MouseCursorPlugin$MouseCursorViewDelegate -> z.a$c:
    android.view.PointerIcon getSystemPointerIcon(int) -> b
io.flutter.plugin.platform.AccessibilityEventsDelegate -> io.flutter.plugin.platform.a:
    io.flutter.view.AccessibilityBridge accessibilityBridge -> a
    boolean requestSendAccessibilityEvent(android.view.View,android.view.View,android.view.accessibility.AccessibilityEvent) -> a
    void setAccessibilityBridge(io.flutter.view.AccessibilityBridge) -> b
io.flutter.plugin.platform.PlatformPlugin -> io.flutter.plugin.platform.b:
    io.flutter.plugin.platform.PlatformPlugin$PlatformPluginDelegate platformPluginDelegate -> c
    io.flutter.embedding.engine.systemchannels.PlatformChannel$SystemChromeStyle currentTheme -> d
    io.flutter.embedding.engine.systemchannels.PlatformChannel$PlatformMessageHandler mPlatformMessageHandler -> f
    int mEnabledOverlays -> e
    android.app.Activity activity -> a
    io.flutter.embedding.engine.systemchannels.PlatformChannel platformChannel -> b
    void updateSystemUiOverlays() -> A
    void vibrateHapticFeedback(io.flutter.embedding.engine.systemchannels.PlatformChannel$HapticFeedbackType) -> B
    void access$000(io.flutter.plugin.platform.PlatformPlugin,io.flutter.embedding.engine.systemchannels.PlatformChannel$SoundType) -> a
    void access$100(io.flutter.plugin.platform.PlatformPlugin,int) -> b
    void access$1000(io.flutter.plugin.platform.PlatformPlugin,java.lang.String) -> c
    boolean access$1100(io.flutter.plugin.platform.PlatformPlugin) -> d
    io.flutter.embedding.engine.systemchannels.PlatformChannel access$1200(io.flutter.plugin.platform.PlatformPlugin) -> e
    void access$200(io.flutter.plugin.platform.PlatformPlugin,io.flutter.embedding.engine.systemchannels.PlatformChannel$AppSwitcherDescription) -> f
    void access$300(io.flutter.plugin.platform.PlatformPlugin,java.util.List) -> g
io.flutter.plugin.platform.PlatformPlugin$1 -> io.flutter.plugin.platform.b$a:
    io.flutter.plugin.platform.PlatformPlugin this$0 -> a
    void setSystemUiChangeListener() -> a
    void setPreferredOrientations(int) -> b
    void playSystemSound(io.flutter.embedding.engine.systemchannels.PlatformChannel$SoundType) -> c
    void popSystemNavigator() -> d
    void showSystemUiMode(io.flutter.embedding.engine.systemchannels.PlatformChannel$SystemUiMode) -> e
    void vibrateHapticFeedback(io.flutter.embedding.engine.systemchannels.PlatformChannel$HapticFeedbackType) -> f
    void showSystemOverlays(java.util.List) -> g
    void restoreSystemUiOverlays() -> h
    void setClipboardData(java.lang.String) -> i
    boolean clipboardHasStrings() -> j
    java.lang.CharSequence getClipboardData(io.flutter.embedding.engine.systemchannels.PlatformChannel$ClipboardContentFormat) -> k
    void setApplicationSwitcherDescription(io.flutter.embedding.engine.systemchannels.PlatformChannel$AppSwitcherDescription) -> l
    void setSystemUiOverlayStyle(io.flutter.embedding.engine.systemchannels.PlatformChannel$SystemChromeStyle) -> m