build/app/outputs/mapping/release/usage.txt
com.example.my_profile_task.BuildConfig
com.example.my_profile_task.R$attr
com.example.my_profile_task.R$color
com.example.my_profile_task.R$dimen
com.example.my_profile_task.R$drawable
com.example.my_profile_task.R$id
com.example.my_profile_task.R$integer
com.example.my_profile_task.R$layout
com.example.my_profile_task.R$mipmap
com.example.my_profile_task.R$string
com.example.my_profile_task.R$style
com.example.my_profile_task.R$styleable
com.example.my_profile_task.R$xml
com.example.my_profile_task.R
...
androidx.viewpager.R$color
androidx.viewpager.R$dimen
androidx.viewpager.R$drawable
androidx.viewpager.R$id
androidx.viewpager.R$integer
androidx.viewpager.R$layout
androidx.viewpager.R$string
androidx.viewpager.R$style
androidx.viewpager.R$styleable
androidx.viewpager.R
androidx.viewpager.widget.PagerAdapter
androidx.viewpager.widget.PagerTabStrip$1
androidx.viewpager.widget.PagerTabStrip$2
androidx.viewpager.widget.PagerTabStrip
androidx.viewpager.widget.PagerTitleStrip$PageListener
androidx.viewpager.widget.PagerTitleStrip$SingleLineAllCapsTransform
androidx.viewpager.widget.PagerTitleStrip
androidx.viewpager.widget.ViewPager$1
androidx.viewpager.widget.ViewPager$2
androidx.viewpager.widget.ViewPager$3
androidx.viewpager.widget.ViewPager$4
androidx.viewpager.widget.ViewPager$DecorView
androidx.viewpager.widget.ViewPager$ItemInfo
androidx.viewpager.widget.ViewPager$LayoutParams
androidx.viewpager.widget.ViewPager$MyAccessibilityDelegate
androidx.viewpager.widget.ViewPager$OnAdapterChangeListener
androidx.viewpager.widget.ViewPager$OnPageChangeListener
androidx.viewpager.widget.ViewPager$PageTransformer
androidx.viewpager.widget.ViewPager$PagerObserver
androidx.viewpager.widget.ViewPager$SavedState$1
androidx.viewpager.widget.ViewPager$SavedState
androidx.viewpager.widget.ViewPager$SimpleOnPageChangeListener
androidx.viewpager.widget.ViewPager$ViewPositionComparator
androidx.viewpager.widget.ViewPager
com.baseflow.permissionhandler.BuildConfig
com.baseflow.permissionhandler.PermissionConstants$PermissionGroup
com.baseflow.permissionhandler.PermissionConstants$PermissionStatus
com.baseflow.permissionhandler.PermissionConstants$ServiceStatus
com.baseflow.permissionhandler.PermissionConstants
com.baseflow.permissionhandler.PermissionHandlerPlugin:
    public static void registerWith(io.flutter.plugin.common.PluginRegistry$Registrar)
com.baseflow.permissionhandler.PermissionUtils:
    public void <init>()
com.baseflow.permissionhandler.R$attr
com.baseflow.permissionhandler.R$color
com.baseflow.permissionhandler.R$dimen
com.baseflow.permissionhandler.R$drawable
com.baseflow.permissionhandler.R$id
com.baseflow.permissionhandler.R$integer
com.baseflow.permissionhandler.R$layout
com.baseflow.permissionhandler.R$string
com.baseflow.permissionhandler.R$style
com.baseflow.permissionhandler.R$styleable
com.baseflow.permissionhandler.R
com.google.common.util.concurrent.ListenableFuture
io.flutter.BuildConfig
io.flutter.FlutterInjector$Builder:
    public io.flutter.FlutterInjector$Builder setDeferredComponentManager(io.flutter.embedding.engine.deferredcomponents.DeferredComponentManager)
    public io.flutter.FlutterInjector$Builder setExecutorService(java.util.concurrent.ExecutorService)
    public io.flutter.FlutterInjector$Builder setFlutterJNIFactory(io.flutter.embedding.engine.FlutterJNI$Factory)
    public io.flutter.FlutterInjector$Builder setFlutterLoader(io.flutter.embedding.engine.loader.FlutterLoader)
io.flutter.FlutterInjector:
    public static void reset()
    public static void setInstance(io.flutter.FlutterInjector)
io.flutter.Log:
    public void <init>()
    public static void d(java.lang.String,java.lang.String,java.lang.Throwable)
    public static void i(java.lang.String,java.lang.String,java.lang.Throwable)
    public static void println(int,java.lang.String,java.lang.String)
    public static void setLogLevel(int)
    public static void v(java.lang.String,java.lang.String,java.lang.Throwable)
    public static void wtf(java.lang.String,java.lang.String)
    public static void wtf(java.lang.String,java.lang.String,java.lang.Throwable)
io.flutter.app.FlutterActivity
io.flutter.app.FlutterActivityDelegate$1$1
io.flutter.app.FlutterActivityDelegate$1
io.flutter.app.FlutterActivityDelegate$ViewFactory
io.flutter.app.FlutterActivityDelegate
io.flutter.app.FlutterActivityEvents
io.flutter.app.FlutterApplication
io.flutter.app.FlutterFragmentActivity
io.flutter.app.FlutterPlayStoreSplitApplication